                                  1 	#$$m2		- PowerPC mnemonics
                                  2 	#$$pVLE		- PowerPC VLE encoding
                                  3 	#$$oPPC5534  - Optimized for PPC5534
                                  4 	#$$ko 9		- Reorder info
                                  5 		.file		"siu.c"
                                  6 	#$$eb
                                  7 	#$$sz 0
                                  8 	#$$fp 0
                                  9 		.section	.PPC.EMB.apuinfo,,@note
  00000000 01  0000 0008         10 		.4byte		8
  00000004 01  0000 0004         11 		.4byte		4
  00000008 01  0000 0002         12 		.4byte		2
  0000000c 01  4150 5569 6e66    13 		.byte		"APUinfo"
  00000012 01  6f                   	
  00000013 01  00                14 		.byte		0
                                 15 		.align		2
  00000014 01  0104 0001         16 		.4byte		0x01040001
                                 17 		.section	.text_vle,,c
                                 18 		.section	.debug_frame,,n
                                 19 	__local_cie: 
  00000000 02  0000 0010         20 		.word	.LE-.LS
                                 21 	.LS:
  00000004 02  ffff ffff         22 		.word	-1
  00000008 02  01                23 		.byte	1
  00000009 02  00                24 		.byte	0
  0000000a 02  04                25 		.uleb128	4
  0000000b 02  7c                26 		.sleb128	-4
  0000000c 02  6c                27 		.byte	108
  0000000d 02  0c                28 		.byte	0x0c
  0000000e 02  01                29 		.byte	1
  0000000f 02  00                30 		.byte	0
  00000010 02  08                31 		.byte	8
  00000011 02  6c                32 		.byte	108
                                 33 		.fill           (.LS-.)&3
                                 34 	.LE:
                                 35 		.section	.debug_line,,n
                                 36 	.L8:
                                 37 		.section	.text_vle,,c
                                 38 	.L4:
  00000000 00                    39 		.0byte		.L2
  00000000 03  0000 00f6 0002    40 		.d2_line_start	.debug_line
  00000006 03  0000 0013 0201       	
  0000000c 03  ff04 0d00 0101       	
  00000012 03  0101 0000 0001       	
  00000018 03  0000 0100 00         	
                                 41 		.section	.debug_abbrev,,n
                                 42 	.L9:
                                 43 		.section	.debug_info,,n
                                 44 	.L2:
  00000000 05  0000 0337         45 		.4byte		.L3-.L1
                                 46 	.L1:
  00000004 05  0002              47 		.2byte		0x2
  00000006 05  0000 0000         48 		.4byte		.L9
  0000000a 05  04                49 		.byte		0x4
                                 50 		.section	.debug_abbrev,,n
  00000000 04  01                51 		.uleb128	1
  00000001 04  11                52 		.uleb128	17
  00000002 04  01                53 		.byte		0x1
  00000003 04  01                54 		.uleb128	1
  00000004 04  13                55 		.uleb128	19
  00000005 04  03                56 		.uleb128	3
  00000006 04  08                57 		.uleb128	8
  00000007 04  25                58 		.uleb128	37
  00000008 04  08                59 		.uleb128	8
  00000009 04  1b                60 		.uleb128	27
  0000000a 04  08                61 		.uleb128	8
  0000000b 04  13                62 		.uleb128	19
  0000000c 04  0f                63 		.uleb128	15
  0000000d 04  11                64 		.uleb128	17
  0000000e 04  01                65 		.uleb128	1
  0000000f 04  12                66 		.uleb128	18
  00000010 04  01                67 		.uleb128	1
  00000011 04  10                68 		.uleb128	16
  00000012 04  06                69 		.uleb128	6
  00000013 04  00                70 		.uleb128	0
  00000014 04  00                71 		.uleb128	0
                                 72 		.section	.debug_info,,n
  0000000b 05  01                73 		.sleb128	1
  0000000c 05  0000 033a         74 		.4byte		.L7-.L2
  00000010 05  433a 5c55 7365    75 		.byte		"C:\\Users\\ASE-Lab\\Desktop\\unit1\\task1\\src\\siu.c"
  00000016 05  7273 5c41 5345       	
  0000001c 05  2d4c 6162 5c44       	
  00000022 05  6573 6b74 6f70       	
  00000028 05  5c75 6e69 7431       	
  0000002e 05  5c74                 	
  0000003e 05  00                76 		.byte		0
  0000003f 05  4469 6162 2044    77 		.byte		"Diab Data, Inc:dcc Rel 5.7.0.0:PPC5534"
  00000045 05  6174 612c 2049       	
  0000004b 05  6e63 3a64 6363       	
  00000051 05  2052 656c 2035       	
  00000057 05  2e37 2e30 2e30       	
  0000005d 05  3a50                 	
  00000065 05  00                78 		.byte		0
  00000066 05  433a 5c55 7365    79 		.byte		"C:\\Users\\ASE-Lab\\Desktop\\unit1\\task1"
  0000006c 05  7273 5c41 5345       	
  00000072 05  2d4c 6162 5c44       	
  00000078 05  6573 6b74 6f70       	
  0000007e 05  5c75 6e69 7431       	
  00000084 05  5c74                 	
  0000008a 05  00                80 		.byte		0
  0000008b 05  01                81 		.uleb128	1
  0000008c 05  0000 0000         82 		.4byte		.L4
  00000090 05  0000 0000         83 		.4byte		.L5
  00000094 05  0000 0000         84 		.4byte		.L8
                                 85 		.section	.text_vle,,c
                                 86 	
                                 87 	#$$bf
                                 88 		.align		2
                                 89 		.globl		led_off
  00000014 02  0000 0018 0000    90 		.d2_cfa_start __local_cie
  0000001a 02  0000 0000 0000       	
  00000020 02  0000 0024            	
                                 91 	led_off:
                                 92 		.section	.debug_abbrev,,n
  00000015 04  02                93 		.uleb128	2
  00000016 04  2e                94 		.uleb128	46
  00000017 04  01                95 		.byte		0x1
  00000018 04  01                96 		.uleb128	1
  00000019 04  13                97 		.uleb128	19
  0000001a 04  03                98 		.uleb128	3
  0000001b 04  08                99 		.uleb128	8
  0000001c 04  3a               100 		.uleb128	58
  0000001d 04  06               101 		.uleb128	6
  0000001e 04  3b               102 		.uleb128	59
  0000001f 04  0f               103 		.uleb128	15
  00000020 04  3f               104 		.uleb128	63
  00000021 04  0c               105 		.uleb128	12
  00000022 04  27               106 		.uleb128	39
  00000023 04  0c               107 		.uleb128	12
  00000024 04  11               108 		.uleb128	17
  00000025 04  01               109 		.uleb128	1
  00000026 04  12               110 		.uleb128	18
  00000027 04  01               111 		.uleb128	1
  00000028 04  00               112 		.uleb128	0
  00000029 04  00               113 		.uleb128	0
                                114 		.section	.debug_info,,n
                                115 	.L5796:
  00000098 05  02               116 		.sleb128	2
  00000099 05  0000 00c6        117 		.4byte		.L5792-.L2
  0000009d 05  6c65 645f 6f66   118 		.byte		"led_off"
  000000a3 05  66                   	
  000000a4 05  00               119 		.byte		0
  000000a5 05  0000 0001        120 		.4byte		.L5795
  000000a9 05  36               121 		.uleb128	54
  000000aa 05  01               122 		.byte		0x1
  000000ab 05  01               123 		.byte		0x1
  000000ac 05  0000 0000        124 		.4byte		.L5793
  000000b0 05  0000 0000        125 		.4byte		.L5794
                                126 		.section	.debug_abbrev,,n
  0000002a 04  03               127 		.uleb128	3
  0000002b 04  05               128 		.uleb128	5
  0000002c 04  00               129 		.byte		0x0
  0000002d 04  3a               130 		.uleb128	58
  0000002e 04  06               131 		.uleb128	6
  0000002f 04  3b               132 		.uleb128	59
  00000030 04  0f               133 		.uleb128	15
  00000031 04  03               134 		.uleb128	3
  00000032 04  08               135 		.uleb128	8
  00000033 04  49               136 		.uleb128	73
  00000034 04  10               137 		.uleb128	16
  00000035 04  02               138 		.uleb128	2
  00000036 04  09               139 		.uleb128	9
  00000037 04  00               140 		.uleb128	0
  00000038 04  00               141 		.uleb128	0
                                142 		.section	.debug_info,,n
                                143 	.L5797:
  000000b4 05  03               144 		.sleb128	3
  000000b5 05  0000 0001        145 		.4byte		.L5795
  000000b9 05  36               146 		.uleb128	54
  000000ba 05  7063 72          147 		.byte		"pcr"
  000000bd 05  00               148 		.byte		0
  000000be 05  0000 0000        149 		.4byte		.L5798
  000000c2 05  02               150 		.sleb128	2
  000000c3 05  90               151 		.byte		0x90
  000000c4 05  1f               152 		.uleb128	31
                                153 		.section	.text_vle,,c
  0000001d 03  003a 0343 3a5c   154 		.d2file		"C:\\Users\\ASE-Lab\\Desktop\\unit1\\task1\\src\\siu.c"
  00000023 03  5c55 7365 7273       	
  00000029 03  5c5c 4153 452d       	
  0000002f 03  4c61 625c 5c44       	
  00000035 03  6573 6b74 6f70       	
  0000003b 03  5c5c                 	
  0000005b 03  0005 0200 0000   155 	        .d2line         54
  00000061 03  0003 350e            	
                                156 	.L5793:
  00000000 00  1821 06f0        157 		e_stwu		r1,-16(r1)
  00000024 02  410e 10          158 		.d2_cfa_def_cfa_offset	16
  00000004 00  0080             159 		se_mflr		r0,lr
                                160 	#$$br
  00000006 00  d3f1             161 		se_stw		r31,12(r1)
  00000027 02  419f 01          162 		.d2_cfa_offset	31,1
                                163 	#$$er
  00000008 00  d501             164 		se_stw		r0,20(r1)
  0000002a 02  116c 7f          165 		.d2_cfa_offset    108,-1
                                166 	#$$ee
  00000065 03  0205 0a          167 		.d2prologue_end
  0000000a 00  013f             168 		se_mr		r31,r3
  00000068 03  13               169 	        .d2line         55
  0000000c 00  70f8 e3f9        170 		e_lis		r7,50169
  00000010 00  18e7 d106        171 		e_ori		r7,r7,1536
  00000014 00  4816             172 		se_li		r6,1
  00000016 00  7cdf 39ae        173 		stbx		r6,r31,r7
                                174 	#$$vo
  00000069 03  2b               175 	        .d2line         56
                                176 	#$$be
  0000006a 03  0200 0b01        177 		.d2epilogue_begin
                                178 	#$$br
  0000001a 00  c3f1             179 		se_lwz		r31,12(r1)
                                180 	#$$er
  0000001c 00  c501             181 		se_lwz		r0,20(r1)
  0000001e 00  0090             182 		se_mtlr		r0
  00000020 00  20f1             183 		se_addi		r1,16
                                184 	#$$tl 0x0 0x0 0x0
  00000022 00  0004             185 		se_blr
                                186 	#$$ef
                                187 		.d2_cfa_end 2
                                188 		.section	.debug_info,,n
  000000c5 05  00               189 		.sleb128	0
                                190 	.L5792:
                                191 		.section	.text_vle,,c
                                192 	.L5794:
                                193 		.type		led_off,@function
                                194 		.size		led_off,.-led_off
                                195 	# Number of nodes = 8
                                196 	
                                197 	# Allocations for led_off
                                198 	#	r31		pcr
                                199 	
                                200 	#$$bf
                                201 		.align		2
                                202 		.globl		init_task1
  00000030 02  0000 0018 0000   203 		.d2_cfa_start __local_cie
  00000036 02  0000 0000 0000       	
  0000003c 02  0000 0060            	
                                204 	init_task1:
                                205 		.section	.debug_abbrev,,n
  00000039 04  04               206 		.uleb128	4
  0000003a 04  2e               207 		.uleb128	46
  0000003b 04  01               208 		.byte		0x1
  0000003c 04  01               209 		.uleb128	1
  0000003d 04  13               210 		.uleb128	19
  0000003e 04  03               211 		.uleb128	3
  0000003f 04  08               212 		.uleb128	8
  00000040 04  3a               213 		.uleb128	58
  00000041 04  06               214 		.uleb128	6
  00000042 04  3b               215 		.uleb128	59
  00000043 04  0f               216 		.uleb128	15
  00000044 04  3f               217 		.uleb128	63
  00000045 04  0c               218 		.uleb128	12
  00000046 04  11               219 		.uleb128	17
  00000047 04  01               220 		.uleb128	1
  00000048 04  12               221 		.uleb128	18
  00000049 04  01               222 		.uleb128	1
  0000004a 04  00               223 		.uleb128	0
  0000004b 04  00               224 		.uleb128	0
                                225 		.section	.debug_info,,n
                                226 	.L5803:
  000000c6 05  04               227 		.sleb128	4
  000000c7 05  0000 010a        228 		.4byte		.L5800-.L2
  000000cb 05  696e 6974 5f74   229 		.byte		"init_task1"
  000000d1 05  6173 6b31            	
  000000d5 05  00               230 		.byte		0
  000000d6 05  0000 0001        231 		.4byte		.L5795
  000000da 05  3a               232 		.uleb128	58
  000000db 05  01               233 		.byte		0x1
  000000dc 05  0000 0000        234 		.4byte		.L5801
  000000e0 05  0000 0000        235 		.4byte		.L5802
                                236 		.section	.debug_abbrev,,n
  0000004c 04  05               237 		.uleb128	5
  0000004d 04  34               238 		.uleb128	52
  0000004e 04  00               239 		.byte		0x0
  0000004f 04  3a               240 		.uleb128	58
  00000050 04  06               241 		.uleb128	6
  00000051 04  3b               242 		.uleb128	59
  00000052 04  0f               243 		.uleb128	15
  00000053 04  03               244 		.uleb128	3
  00000054 04  08               245 		.uleb128	8
  00000055 04  49               246 		.uleb128	73
  00000056 04  10               247 		.uleb128	16
  00000057 04  02               248 		.uleb128	2
  00000058 04  09               249 		.uleb128	9
  00000059 04  00               250 		.uleb128	0
  0000005a 04  00               251 		.uleb128	0
                                252 		.section	.debug_info,,n
                                253 	.L5804:
  000000e4 05  05               254 		.sleb128	5
  000000e5 05  0000 0001        255 		.4byte		.L5795
  000000e9 05  3b               256 		.uleb128	59
  000000ea 05  69               257 		.byte		"i"
  000000eb 05  00               258 		.byte		0
  000000ec 05  0000 0000        259 		.4byte		.L5798
  000000f0 05  02               260 		.sleb128	2
  000000f1 05  90               261 		.byte		0x90
  000000f2 05  1f               262 		.uleb128	31
                                263 	.L5805:
  000000f3 05  05               264 		.sleb128	5
  000000f4 05  0000 0001        265 		.4byte		.L5795
  000000f8 05  3c               266 		.uleb128	60
  000000f9 05  7063 725f 6964   267 		.byte		"pcr_idx"
  000000ff 05  78                   	
  00000100 05  00               268 		.byte		0
  00000101 05  0000 0000        269 		.4byte		.L5806
  00000105 05  03               270 		.sleb128	3
  00000106 05  92               271 		.byte		0x92
  00000107 05  01               272 		.uleb128	1
  00000108 05  08               273 		.sleb128	8
                                274 		.section	.text_vle,,c
  0000006e 03  24               275 	        .d2line         58
                                276 	.L5801:
  00000024 00  1821 06d0        277 		e_stwu		r1,-48(r1)
  00000040 02  410e 30          278 		.d2_cfa_def_cfa_offset	48
  00000028 00  0080             279 		se_mflr		r0,lr
                                280 	#$$br
  0000002a 00  dbf1             281 		se_stw		r31,44(r1)
  00000043 02  419f 01          282 		.d2_cfa_offset	31,1
                                283 	#$$er
  0000002c 00  dd01             284 		se_stw		r0,52(r1)
  00000046 02  116c 7f          285 		.d2_cfa_offset    108,-1
                                286 	#$$ee
  0000006f 03  0205 0a          287 		.d2prologue_end
  00000072 03  0f               288 	        .d2line         59
  0000002e 00  480f             289 		se_li		r31,0
  00000073 03  13               290 	        .d2line         60
  00000030 00  1961 8004        291 		e_addi		r11,r1,4
  00000034 00  7180 e000        292 		e_lis		r12,(.L5780+-4)@ha
  00000038 00  1d8c 0000        293 		e_add16i	r12,r12,(.L5780+-4)@l
  0000003c 00  7140 0004        294 		e_li		r10,4
  00000040 00  7d49 03a6        295 		mtspr		ctr,r10
                                296 	.L5808:
  00000044 00  192c 0204        297 		e_lwzu		r9,4(r12)
  00000048 00  194c 0204        298 		e_lwzu		r10,4(r12)
  0000004c 00  192b 0604        299 		e_stwu		r9,4(r11)
  00000050 00  194b 0604        300 		e_stwu		r10,4(r11)
  00000054 00  7a20 fff0        301 		e_bc		2,0,.L5808
                                302 	
                                303 	
  00000074 03  5f               304 	        .d2line         61
  00000058 00  480f             305 		se_li		r31,0
                                306 	.L5783:
  0000005a 00  2a8f             307 		se_cmpi		r31,8
  0000005c 00  e00e             308 		bc		0,0,.L5781	# ge
  00000075 03  1b               309 	        .d2line         62
  0000005e 00  77e7 103b        310 		e_rlwinm		r7,r31,2,0,29
  00000062 00  0417             311 		se_add		r7,r1
  00000064 00  c277             312 		se_lwz		r7,8(r7)
  00000066 00  6c17             313 		se_slwi		r7,1
  00000068 00  70d8 e3f9        314 		e_lis		r6,50169
  0000006c 00  6596             315 		se_bseti		r6,25
  0000006e 00  0467             316 		se_add		r7,r6
  00000070 00  6365             317 		se_bgeni		r5,22
  00000072 00  b057             318 		se_sth		r5,0(r7)
                                319 	#$$vo
  00000076 03  39               320 	        .d2line         61
  00000074 00  200f             321 		se_addi		r31,1
  00000077 03  0303 12          322 	        .d2line         64
  00000076 00  e8f2             323 		b		.L5783
                                324 	.L5781:
  0000007a 03  14               325 	        .d2line         66
                                326 	#$$be
  0000007b 03  0200 0b01        327 		.d2epilogue_begin
                                328 	#$$br
  00000078 00  cbf1             329 		se_lwz		r31,44(r1)
                                330 	#$$er
  0000007a 00  cd01             331 		se_lwz		r0,52(r1)
  0000007c 00  0090             332 		se_mtlr		r0
  0000007e 00  1821 8030        333 		e_addi		r1,r1,48
                                334 	#$$tl 0x0 0x0 0x0
  00000082 00  0004             335 		se_blr
                                336 	#$$ef
                                337 		.d2_cfa_end 2
                                338 		.section	.debug_info,,n
  00000109 05  00               339 		.sleb128	0
                                340 	.L5800:
                                341 		.section	.text_vle,,c
                                342 	.L5802:
                                343 		.type		init_task1,@function
                                344 		.size		init_task1,.-init_task1
                                345 	# Number of nodes = 31
                                346 	
                                347 	# Allocations for init_task1
                                348 	#	r31		i
                                349 	#	SP,8		pcr_idx
                                350 	
                                351 	#$$bf
                                352 		.align		2
                                353 		.globl		turn_off_all_leds
  0000004c 02  0000 0014 0000   354 		.d2_cfa_start __local_cie
  00000052 02  0000 0000 0000       	
  00000058 02  0000 0040            	
                                355 	turn_off_all_leds:
                                356 		.section	.debug_info,,n
                                357 	.L5813:
  0000010a 05  04               358 		.sleb128	4
  0000010b 05  0000 0130        359 		.4byte		.L5810-.L2
  0000010f 05  7475 726e 5f6f   360 		.byte		"turn_off_all_leds"
  00000115 05  6666 5f61 6c6c       	
  0000011b 05  5f6c 6564 73         	
  00000120 05  00               361 		.byte		0
  00000121 05  0000 0001        362 		.4byte		.L5795
  00000125 05  44               363 		.uleb128	68
  00000126 05  01               364 		.byte		0x1
  00000127 05  0000 0000        365 		.4byte		.L5811
  0000012b 05  0000 0000        366 		.4byte		.L5812
                                367 		.section	.text_vle,,c
  0000007f 03  28               368 	        .d2line         68
                                369 	.L5811:
  00000084 00  1821 06f0        370 		e_stwu		r1,-16(r1)
  0000005c 02  410e 10          371 		.d2_cfa_def_cfa_offset	16
  00000088 00  0080             372 		se_mflr		r0,lr
  0000008a 00  d501             373 		se_stw		r0,20(r1)
  0000005f 02  4111 6c7f        374 		.d2_cfa_offset    108,-1
                                375 	#$$ee
  00000080 03  0204 0a          376 		.d2prologue_end
  00000083 03  0f               377 	        .d2line         69
  0000008c 00  5060 0000        378 		e_lwz		r3,LED0_PCR@sdarx(r0)
                                379 	#$$fn 0xc0 0 0 0x0
                                380 	#$$tl 0x8 0x0 0x0
                                381 	#$$rs 0 s
  00000090 00  e9b8             382 		bl		led_off
  00000084 03  1b               383 	        .d2line         70
  00000092 00  5060 0000        384 		e_lwz		r3,LED1_PCR@sdarx(r0)
                                385 	#$$fn 0xc0 0 0 0x0
                                386 	#$$tl 0x8 0x0 0x0
                                387 	#$$rs 0 s
  00000096 00  e9b5             388 		bl		led_off
  00000085 03  1b               389 	        .d2line         71
  00000098 00  5060 0000        390 		e_lwz		r3,LED2_PCR@sdarx(r0)
                                391 	#$$fn 0xc0 0 0 0x0
                                392 	#$$tl 0x8 0x0 0x0
                                393 	#$$rs 0 s
  0000009c 00  e9b2             394 		bl		led_off
  00000086 03  1b               395 	        .d2line         72
  0000009e 00  5060 0000        396 		e_lwz		r3,LED3_PCR@sdarx(r0)
                                397 	#$$fn 0xc0 0 0 0x0
                                398 	#$$tl 0x8 0x0 0x0
                                399 	#$$rs 0 s
  000000a2 00  e9af             400 		bl		led_off
  00000087 03  1b               401 	        .d2line         73
  000000a4 00  5060 0000        402 		e_lwz		r3,LED4_PCR@sdarx(r0)
                                403 	#$$fn 0xc0 0 0 0x0
                                404 	#$$tl 0x8 0x0 0x0
                                405 	#$$rs 0 s
  000000a8 00  e9ac             406 		bl		led_off
  00000088 03  1b               407 	        .d2line         74
  000000aa 00  5060 0000        408 		e_lwz		r3,LED5_PCR@sdarx(r0)
                                409 	#$$fn 0xc0 0 0 0x0
                                410 	#$$tl 0x8 0x0 0x0
                                411 	#$$rs 0 s
  000000ae 00  e9a9             412 		bl		led_off
  00000089 03  1b               413 	        .d2line         75
  000000b0 00  5060 0000        414 		e_lwz		r3,LED6_PCR@sdarx(r0)
                                415 	#$$fn 0xc0 0 0 0x0
                                416 	#$$tl 0x8 0x0 0x0
                                417 	#$$rs 0 s
  000000b4 00  e9a6             418 		bl		led_off
  0000008a 03  1b               419 	        .d2line         76
  000000b6 00  5060 0000        420 		e_lwz		r3,LED7_PCR@sdarx(r0)
                                421 	#$$fn 0xc0 0 0 0x0
                                422 	#$$tl 0x8 0x0 0x0
                                423 	#$$rs 0 s
  000000ba 00  e9a3             424 		bl		led_off
  0000008b 03  1b               425 	        .d2line         77
                                426 	#$$be
  0000008c 03  0200 0b01        427 		.d2epilogue_begin
  000000bc 00  c501             428 		se_lwz		r0,20(r1)
  000000be 00  0090             429 		se_mtlr		r0
  000000c0 00  20f1             430 		se_addi		r1,16
                                431 	#$$tl 0x0 0x0 0x0
  000000c2 00  0004             432 		se_blr
                                433 	#$$ef
                                434 		.d2_cfa_end 2
                                435 		.section	.debug_info,,n
  0000012f 05  00               436 		.sleb128	0
                                437 	.L5810:
                                438 		.section	.text_vle,,c
                                439 	.L5812:
                                440 		.type		turn_off_all_leds,@function
                                441 		.size		turn_off_all_leds,.-turn_off_all_leds
                                442 	# Number of nodes = 32
                                443 	
                                444 	# Allocations for turn_off_all_leds
                                445 	
                                446 	#$$bf
                                447 		.align		2
                                448 		.globl		init_task_2_1
  00000064 02  0000 0018 0000   449 		.d2_cfa_start __local_cie
  0000006a 02  0000 0000 0000       	
  00000070 02  0000 0022            	
                                450 	init_task_2_1:
                                451 		.section	.debug_info,,n
                                452 	.L5818:
  00000130 05  04               453 		.sleb128	4
  00000131 05  0000 0152        454 		.4byte		.L5815-.L2
  00000135 05  696e 6974 5f74   455 		.byte		"init_task_2_1"
  0000013b 05  6173 6b5f 325f       	
  00000141 05  31                   	
  00000142 05  00               456 		.byte		0
  00000143 05  0000 0001        457 		.4byte		.L5795
  00000147 05  4f               458 		.uleb128	79
  00000148 05  01               459 		.byte		0x1
  00000149 05  0000 0000        460 		.4byte		.L5816
  0000014d 05  0000 0000        461 		.4byte		.L5817
                                462 		.section	.text_vle,,c
  00000090 03  20               463 	        .d2line         79
                                464 	.L5816:
  000000c4 00  1821 06f0        465 		e_stwu		r1,-16(r1)
  00000074 02  410e 10          466 		.d2_cfa_def_cfa_offset	16
  000000c8 00  0080             467 		se_mflr		r0,lr
                                468 	#$$br
  000000ca 00  d3f1             469 		se_stw		r31,12(r1)
  00000077 02  419f 01          470 		.d2_cfa_offset	31,1
                                471 	#$$er
  000000cc 00  d501             472 		se_stw		r0,20(r1)
  0000007a 02  116c 7f          473 		.d2_cfa_offset    108,-1
                                474 	#$$ee
  00000091 03  0205 0a          475 		.d2prologue_end
  000000ce 00  73f8 e3f9        476 		e_lis		r31,50169
  00000094 03  17               477 	        .d2line         80
  000000d2 00  70c4 0500        478 		e_li		r6,9472
  000000d6 00  5cdf 0082        479 		e_sth		r6,130(r31)
                                480 	#$$vo
  00000095 03  1f               481 	        .d2line         81
                                482 	#$$fn 0xc8 0 0 0x0
                                483 	#$$tl 0x0 0x0 0x0
                                484 	#$$rs 0 s
  000000da 00  e9d5             485 		bl		turn_off_all_leds
  00000096 03  13               486 	        .d2line         82
                                487 	#$$be
  00000097 03  0200 0b01        488 		.d2epilogue_begin
                                489 	#$$br
  000000dc 00  c3f1             490 		se_lwz		r31,12(r1)
                                491 	#$$er
  000000de 00  c501             492 		se_lwz		r0,20(r1)
  000000e0 00  0090             493 		se_mtlr		r0
  000000e2 00  20f1             494 		se_addi		r1,16
                                495 	#$$tl 0x0 0x0 0x0
  000000e4 00  0004             496 		se_blr
                                497 	#$$ef
                                498 		.d2_cfa_end 2
                                499 		.section	.debug_info,,n
  00000151 05  00               500 		.sleb128	0
                                501 	.L5815:
                                502 		.section	.text_vle,,c
                                503 	.L5817:
                                504 		.type		init_task_2_1,@function
                                505 		.size		init_task_2_1,.-init_task_2_1
                                506 	# Number of nodes = 6
                                507 	
                                508 	# Allocations for init_task_2_1
                                509 	#	r31		$$1
                                510 	
                                511 	#$$bf
                                512 		.align		2
                                513 		.globl		init_task_2_2
  00000080 02  0000 0018 0000   514 		.d2_cfa_start __local_cie
  00000086 02  0000 0000 0000       	
  0000008c 02  0000 0022            	
                                515 	init_task_2_2:
                                516 		.section	.debug_info,,n
                                517 	.L5823:
  00000152 05  04               518 		.sleb128	4
  00000153 05  0000 0174        519 		.4byte		.L5820-.L2
  00000157 05  696e 6974 5f74   520 		.byte		"init_task_2_2"
  0000015d 05  6173 6b5f 325f       	
  00000163 05  32                   	
  00000164 05  00               521 		.byte		0
  00000165 05  0000 0001        522 		.4byte		.L5795
  00000169 05  54               523 		.uleb128	84
  0000016a 05  01               524 		.byte		0x1
  0000016b 05  0000 0000        525 		.4byte		.L5821
  0000016f 05  0000 0000        526 		.4byte		.L5822
                                527 		.section	.text_vle,,c
  0000009b 03  28               528 	        .d2line         84
                                529 	.L5821:
  000000e8 00  1821 06f0        530 		e_stwu		r1,-16(r1)
  00000090 02  410e 10          531 		.d2_cfa_def_cfa_offset	16
  000000ec 00  0080             532 		se_mflr		r0,lr
                                533 	#$$br
  000000ee 00  d3f1             534 		se_stw		r31,12(r1)
  00000093 02  419f 01          535 		.d2_cfa_offset	31,1
                                536 	#$$er
  000000f0 00  d501             537 		se_stw		r0,20(r1)
  00000096 02  116c 7f          538 		.d2_cfa_offset    108,-1
                                539 	#$$ee
  0000009c 03  0205 0a          540 		.d2prologue_end
  000000f2 00  73f8 e3f9        541 		e_lis		r31,50169
  0000009f 03  17               542 	        .d2line         85
  000000f6 00  70c4 0500        543 		e_li		r6,9472
  000000fa 00  5cdf 00c2        544 		e_sth		r6,194(r31)
                                545 	#$$vo
  000000a0 03  1f               546 	        .d2line         86
                                547 	#$$fn 0xc8 0 0 0x0
                                548 	#$$tl 0x0 0x0 0x0
                                549 	#$$rs 0 s
  000000fe 00  e9c3             550 		bl		turn_off_all_leds
  000000a1 03  13               551 	        .d2line         87
                                552 	#$$be
  000000a2 03  0200 0b01        553 		.d2epilogue_begin
                                554 	#$$br
  00000100 00  c3f1             555 		se_lwz		r31,12(r1)
                                556 	#$$er
  00000102 00  c501             557 		se_lwz		r0,20(r1)
  00000104 00  0090             558 		se_mtlr		r0
  00000106 00  20f1             559 		se_addi		r1,16
                                560 	#$$tl 0x0 0x0 0x0
  00000108 00  0004             561 		se_blr
                                562 	#$$ef
                                563 		.d2_cfa_end 2
                                564 		.section	.debug_info,,n
  00000173 05  00               565 		.sleb128	0
                                566 	.L5820:
                                567 		.section	.text_vle,,c
                                568 	.L5822:
                                569 		.type		init_task_2_2,@function
                                570 		.size		init_task_2_2,.-init_task_2_2
                                571 	# Number of nodes = 6
                                572 	
                                573 	# Allocations for init_task_2_2
                                574 	#	r31		$$2
                                575 	
                                576 	#$$bf
                                577 		.align		2
                                578 		.globl		init_task_2_3
  0000009c 02  0000 0018 0000   579 		.d2_cfa_start __local_cie
  000000a2 02  0000 0000 0000       	
  000000a8 02  0000 0022            	
                                580 	init_task_2_3:
                                581 		.section	.debug_info,,n
                                582 	.L5828:
  00000174 05  04               583 		.sleb128	4
  00000175 05  0000 0196        584 		.4byte		.L5825-.L2
  00000179 05  696e 6974 5f74   585 		.byte		"init_task_2_3"
  0000017f 05  6173 6b5f 325f       	
  00000185 05  33                   	
  00000186 05  00               586 		.byte		0
  00000187 05  0000 0001        587 		.4byte		.L5795
  0000018b 05  59               588 		.uleb128	89
  0000018c 05  01               589 		.byte		0x1
  0000018d 05  0000 0000        590 		.4byte		.L5826
  00000191 05  0000 0000        591 		.4byte		.L5827
                                592 		.section	.text_vle,,c
  000000a6 03  28               593 	        .d2line         89
                                594 	.L5826:
  0000010c 00  1821 06f0        595 		e_stwu		r1,-16(r1)
  000000ac 02  410e 10          596 		.d2_cfa_def_cfa_offset	16
  00000110 00  0080             597 		se_mflr		r0,lr
                                598 	#$$br
  00000112 00  d3f1             599 		se_stw		r31,12(r1)
  000000af 02  419f 01          600 		.d2_cfa_offset	31,1
                                601 	#$$er
  00000114 00  d501             602 		se_stw		r0,20(r1)
  000000b2 02  116c 7f          603 		.d2_cfa_offset    108,-1
                                604 	#$$ee
  000000a7 03  0205 0a          605 		.d2prologue_end
  00000116 00  73f8 e3f9        606 		e_lis		r31,50169
  000000aa 03  17               607 	        .d2line         90
  0000011a 00  70c4 0500        608 		e_li		r6,9472
  0000011e 00  5cdf 0082        609 		e_sth		r6,130(r31)
                                610 	#$$vo
  000000ab 03  1f               611 	        .d2line         91
                                612 	#$$fn 0xc8 0 0 0x0
                                613 	#$$tl 0x0 0x0 0x0
                                614 	#$$rs 0 s
  00000122 00  e9b1             615 		bl		turn_off_all_leds
  000000ac 03  13               616 	        .d2line         92
                                617 	#$$be
  000000ad 03  0200 0b01        618 		.d2epilogue_begin
                                619 	#$$br
  00000124 00  c3f1             620 		se_lwz		r31,12(r1)
                                621 	#$$er
  00000126 00  c501             622 		se_lwz		r0,20(r1)
  00000128 00  0090             623 		se_mtlr		r0
  0000012a 00  20f1             624 		se_addi		r1,16
                                625 	#$$tl 0x0 0x0 0x0
  0000012c 00  0004             626 		se_blr
                                627 	#$$ef
                                628 		.d2_cfa_end 2
                                629 		.section	.debug_info,,n
  00000195 05  00               630 		.sleb128	0
                                631 	.L5825:
                                632 		.section	.text_vle,,c
                                633 	.L5827:
                                634 		.type		init_task_2_3,@function
                                635 		.size		init_task_2_3,.-init_task_2_3
                                636 	# Number of nodes = 6
                                637 	
                                638 	# Allocations for init_task_2_3
                                639 	#	r31		$$3
                                640 	
                                641 	#$$bf
                                642 		.align		2
                                643 		.globl		init_task_3_1
  000000b8 02  0000 0018 0000   644 		.d2_cfa_start __local_cie
  000000be 02  0000 0000 0000       	
  000000c4 02  0000 003c            	
                                645 	init_task_3_1:
                                646 		.section	.debug_info,,n
                                647 	.L5833:
  00000196 05  04               648 		.sleb128	4
  00000197 05  0000 01e2        649 		.4byte		.L5830-.L2
  0000019b 05  696e 6974 5f74   650 		.byte		"init_task_3_1"
  000001a1 05  6173 6b5f 335f       	
  000001a7 05  31                   	
  000001a8 05  00               651 		.byte		0
  000001a9 05  0000 0001        652 		.4byte		.L5795
  000001ad 05  5e               653 		.uleb128	94
  000001ae 05  01               654 		.byte		0x1
  000001af 05  0000 0000        655 		.4byte		.L5831
  000001b3 05  0000 0000        656 		.4byte		.L5832
                                657 	.L5834:
  000001b7 05  05               658 		.sleb128	5
  000001b8 05  0000 0001        659 		.4byte		.L5795
  000001bc 05  5f               660 		.uleb128	95
  000001bd 05  4254 355f 5043   661 		.byte		"BT5_PCR"
  000001c3 05  52                   	
  000001c4 05  00               662 		.byte		0
  000001c5 05  0000 0000        663 		.4byte		.L5798
  000001c9 05  02               664 		.sleb128	2
  000001ca 05  90               665 		.byte		0x90
  000001cb 05  1f               666 		.uleb128	31
                                667 	.L5835:
  000001cc 05  05               668 		.sleb128	5
  000001cd 05  0000 0001        669 		.4byte		.L5795
  000001d1 05  60               670 		.uleb128	96
  000001d2 05  4254 365f 5043   671 		.byte		"BT6_PCR"
  000001d8 05  52                   	
  000001d9 05  00               672 		.byte		0
  000001da 05  0000 0000        673 		.4byte		.L5798
  000001de 05  02               674 		.sleb128	2
  000001df 05  90               675 		.byte		0x90
  000001e0 05  1e               676 		.uleb128	30
                                677 		.section	.text_vle,,c
  000000b1 03  28               678 	        .d2line         94
                                679 	.L5831:
  00000130 00  1821 06f0        680 		e_stwu		r1,-16(r1)
  000000c8 02  410e 10          681 		.d2_cfa_def_cfa_offset	16
  00000134 00  0080             682 		se_mflr		r0,lr
                                683 	#$$br
  00000136 00  1bc1 0908        684 		e_stmw		r30,8(r1)
  000000cb 02  419e 029f 01     685 		.d2_cfa_offset_list	30,31,2,-1
                                686 	#$$er
  0000013a 00  d501             687 		se_stw		r0,20(r1)
  000000d0 02  116c 7f          688 		.d2_cfa_offset    108,-1
                                689 	#$$ee
  000000b2 03  0206 0a          690 		.d2prologue_end
  000000b5 03  0f               691 	        .d2line         95
  0000013c 00  481f             692 		se_li		r31,1
  000000b6 03  13               693 	        .d2line         96
  0000013e 00  480e             694 		se_li		r30,0
  000000b7 03  14               695 	        .d2line         98
  00000140 00  77e7 083d        696 		e_rlwinm		r7,r31,1,0,30
  00000144 00  70d8 e3f9        697 		e_lis		r6,50169
  00000148 00  6596             698 		se_bseti		r6,25
  0000014a 00  0467             699 		se_add		r7,r6
  0000014c 00  6375             700 		se_bgeni		r5,23
  0000014e 00  b057             701 		se_sth		r5,0(r7)
                                702 	#$$vo
  000000b8 03  2f               703 	        .d2line         99
  00000150 00  77c7 083d        704 		e_rlwinm		r7,r30,1,0,30
  00000154 00  70d8 e3f9        705 		e_lis		r6,50169
  00000158 00  6596             706 		se_bseti		r6,25
  0000015a 00  0467             707 		se_add		r7,r6
  0000015c 00  6375             708 		se_bgeni		r5,23
  0000015e 00  b057             709 		se_sth		r5,0(r7)
                                710 	#$$vo
  000000b9 03  2f               711 	        .d2line         100
                                712 	#$$be
  000000ba 03  0200 0b01        713 		.d2epilogue_begin
                                714 	#$$br
  00000160 00  1bc1 0808        715 		e_lmw		r30,8(r1)
                                716 	#$$er
  00000164 00  c501             717 		se_lwz		r0,20(r1)
  00000166 00  0090             718 		se_mtlr		r0
  00000168 00  20f1             719 		se_addi		r1,16
                                720 	#$$tl 0x0 0x0 0x0
  0000016a 00  0004             721 		se_blr
                                722 	#$$ef
                                723 		.d2_cfa_end 2
                                724 		.section	.debug_info,,n
  000001e1 05  00               725 		.sleb128	0
                                726 	.L5830:
                                727 		.section	.text_vle,,c
                                728 	.L5832:
                                729 		.type		init_task_3_1,@function
                                730 		.size		init_task_3_1,.-init_task_3_1
                                731 	# Number of nodes = 26
                                732 	
                                733 	# Allocations for init_task_3_1
                                734 	#	r31		BT5_PCR
                                735 	#	r30		BT6_PCR
                                736 	
                                737 	#$$bf
                                738 		.align		2
                                739 		.globl		init_task_3_2
  000000d4 02  0000 0018 0000   740 		.d2_cfa_start __local_cie
  000000da 02  0000 0000 0000       	
  000000e0 02  0000 002a            	
                                741 	init_task_3_2:
                                742 		.section	.debug_info,,n
                                743 	.L5840:
  000001e2 05  04               744 		.sleb128	4
  000001e3 05  0000 0219        745 		.4byte		.L5837-.L2
  000001e7 05  696e 6974 5f74   746 		.byte		"init_task_3_2"
  000001ed 05  6173 6b5f 335f       	
  000001f3 05  32                   	
  000001f4 05  00               747 		.byte		0
  000001f5 05  0000 0001        748 		.4byte		.L5795
  000001f9 05  65               749 		.uleb128	101
  000001fa 05  01               750 		.byte		0x1
  000001fb 05  0000 0000        751 		.4byte		.L5838
  000001ff 05  0000 0000        752 		.4byte		.L5839
                                753 	.L5841:
  00000203 05  05               754 		.sleb128	5
  00000204 05  0000 0001        755 		.4byte		.L5795
  00000208 05  66               756 		.uleb128	102
  00000209 05  5357 315f 5043   757 		.byte		"SW1_PCR"
  0000020f 05  52                   	
  00000210 05  00               758 		.byte		0
  00000211 05  0000 0000        759 		.4byte		.L5798
  00000215 05  02               760 		.sleb128	2
  00000216 05  90               761 		.byte		0x90
  00000217 05  1f               762 		.uleb128	31
                                763 		.section	.text_vle,,c
  000000be 03  27               764 	        .d2line         101
                                765 	.L5838:
  0000016c 00  1821 06f0        766 		e_stwu		r1,-16(r1)
  000000e4 02  410e 10          767 		.d2_cfa_def_cfa_offset	16
  00000170 00  0080             768 		se_mflr		r0,lr
                                769 	#$$br
  00000172 00  d3f1             770 		se_stw		r31,12(r1)
  000000e7 02  419f 01          771 		.d2_cfa_offset	31,1
                                772 	#$$er
  00000174 00  d501             773 		se_stw		r0,20(r1)
  000000ea 02  116c 7f          774 		.d2_cfa_offset    108,-1
                                775 	#$$ee
  000000bf 03  0205 0a          776 		.d2prologue_end
  000000c2 03  0f               777 	        .d2line         102
  00000176 00  4acf             778 		se_li		r31,44
  000000c3 03  13               779 	        .d2line         103
  00000178 00  77e6 083d        780 		e_rlwinm		r6,r31,1,0,30
  0000017c 00  70f8 e3f9        781 		e_lis		r7,50169
  00000180 00  6597             782 		se_bseti		r7,25
  00000182 00  0476             783 		se_add		r6,r7
  00000184 00  6375             784 		se_bgeni		r5,23
  00000186 00  b056             785 		se_sth		r5,0(r6)
                                786 	#$$vo
  000000c4 03  2f               787 	        .d2line         104
                                788 	#$$fn 0xc8 0 0 0x0
                                789 	#$$tl 0x0 0x0 0x0
                                790 	#$$rs 0 s
  00000188 00  79ff fefd        791 		bl		turn_off_all_leds
  000000c5 03  17               792 	        .d2line         105
                                793 	#$$be
  000000c6 03  0200 0b01        794 		.d2epilogue_begin
                                795 	#$$br
  0000018c 00  c3f1             796 		se_lwz		r31,12(r1)
                                797 	#$$er
  0000018e 00  c501             798 		se_lwz		r0,20(r1)
  00000190 00  0090             799 		se_mtlr		r0
  00000192 00  20f1             800 		se_addi		r1,16
                                801 	#$$tl 0x0 0x0 0x0
  00000194 00  0004             802 		se_blr
                                803 	#$$ef
                                804 		.d2_cfa_end 2
                                805 		.section	.debug_info,,n
  00000218 05  00               806 		.sleb128	0
                                807 	.L5837:
                                808 		.section	.text_vle,,c
                                809 	.L5839:
                                810 		.type		init_task_3_2,@function
                                811 		.size		init_task_3_2,.-init_task_3_2
                                812 	# Number of nodes = 15
                                813 	
                                814 	# Allocations for init_task_3_2
                                815 	#	r31		SW1_PCR
                                816 	
                                817 	#$$bf
                                818 		.align		2
                                819 		.globl		SIU_Init
  000000f0 02  0000 0014 0000   820 		.d2_cfa_start __local_cie
  000000f6 02  0000 0000 0000       	
  000000fc 02  0000 001e            	
                                821 	SIU_Init:
                                822 		.section	.debug_info,,n
                                823 	.L5846:
  00000219 05  02               824 		.sleb128	2
  0000021a 05  0000 0237        825 		.4byte		.L5843-.L2
  0000021e 05  5349 555f 496e   826 		.byte		"SIU_Init"
  00000224 05  6974                 	
  00000226 05  00               827 		.byte		0
  00000227 05  0000 0001        828 		.4byte		.L5795
  0000022b 05  16               829 		.uleb128	22
  0000022c 05  01               830 		.byte		0x1
  0000022d 05  01               831 		.byte		0x1
  0000022e 05  0000 0000        832 		.4byte		.L5844
  00000232 05  0000 0000        833 		.4byte		.L5845
                                834 		.section	.text_vle,,c
  000000ca 03  03ad 7f26        835 	        .d2line         22
                                836 	.L5844:
  00000198 00  1821 06f0        837 		e_stwu		r1,-16(r1)
  00000100 02  410e 10          838 		.d2_cfa_def_cfa_offset	16
  0000019c 00  0080             839 		se_mflr		r0,lr
  0000019e 00  d501             840 		se_stw		r0,20(r1)
  00000103 02  4111 6c7f        841 		.d2_cfa_offset    108,-1
                                842 	#$$ee
  000000ce 03  0204 0a          843 		.d2prologue_end
  000000d1 03  0309 0e          844 	        .d2line         31
                                845 	#$$fn 0x1ee0 0 0 0x1
                                846 	#$$tl 0x0 0x0 0x0
                                847 	#$$rs 0 s
  000001a0 00  79ff fe85        848 		bl		init_task1
  000000d4 03  0308 16          849 	        .d2line         39
                                850 	#$$fn 0xc8 0 0 0x0
                                851 	#$$tl 0x0 0x0 0x0
                                852 	#$$rs 0 s
  000001a4 00  e990             853 		bl		init_task_2_1
  000000d7 03  13               854 	        .d2line         40
                                855 	#$$fn 0xc8 0 0 0x0
                                856 	#$$tl 0x0 0x0 0x0
                                857 	#$$rs 0 s
  000001a6 00  e9a1             858 		bl		init_task_2_2
  000000d8 03  13               859 	        .d2line         41
                                860 	#$$fn 0xc8 0 0 0x0
                                861 	#$$tl 0x0 0x0 0x0
                                862 	#$$rs 0 s
  000001a8 00  e9b2             863 		bl		init_task_2_3
  000000d9 03  0308 12          864 	        .d2line         49
                                865 	#$$fn 0xe0 0 0 0x0
                                866 	#$$tl 0x0 0x0 0x0
                                867 	#$$rs 0 s
  000001aa 00  e9c3             868 		bl		init_task_3_1
  000000dc 03  13               869 	        .d2line         50
                                870 	#$$fn 0xe8 0 0 0x0
                                871 	#$$tl 0x0 0x0 0x0
                                872 	#$$rs 0 s
  000001ac 00  e9e0             873 		bl		init_task_3_2
  000000dd 03  14               874 	        .d2line         52
                                875 	#$$be
  000000de 03  0200 0b01        876 		.d2epilogue_begin
  000001ae 00  c501             877 		se_lwz		r0,20(r1)
  000001b0 00  0090             878 		se_mtlr		r0
  000001b2 00  20f1             879 		se_addi		r1,16
                                880 	#$$tl 0x0 0x0 0x0
  000001b4 00  0004             881 		se_blr
                                882 	#$$ef
                                883 		.d2_cfa_end 2
                                884 		.section	.debug_info,,n
  00000236 05  00               885 		.sleb128	0
                                886 	.L5843:
                                887 		.section	.text_vle,,c
                                888 	.L5845:
                                889 		.type		SIU_Init,@function
                                890 		.size		SIU_Init,.-SIU_Init
                                891 	# Number of nodes = 12
                                892 	
                                893 	# Allocations for SIU_Init
                                894 	
                                895 	#$$bf
                                896 		.align		2
                                897 		.globl		init_task_4
  00000108 02  0000 0014 0000   898 		.d2_cfa_start __local_cie
  0000010e 02  0000 0000 0000       	
  00000114 02  0000 0024            	
                                899 	init_task_4:
                                900 		.section	.debug_info,,n
                                901 	.L5851:
  00000237 05  04               902 		.sleb128	4
  00000238 05  0000 0257        903 		.4byte		.L5848-.L2
  0000023c 05  696e 6974 5f74   904 		.byte		"init_task_4"
  00000242 05  6173 6b5f 34         	
  00000247 05  00               905 		.byte		0
  00000248 05  0000 0001        906 		.4byte		.L5795
  0000024c 05  6b               907 		.uleb128	107
  0000024d 05  01               908 		.byte		0x1
  0000024e 05  0000 0000        909 		.4byte		.L5849
  00000252 05  0000 0000        910 		.4byte		.L5850
                                911 		.section	.text_vle,,c
  000000e2 03  0337 22          912 	        .d2line         107
                                913 	.L5849:
  000001b8 00  1821 06f0        914 		e_stwu		r1,-16(r1)
  00000118 02  410e 10          915 		.d2_cfa_def_cfa_offset	16
  000001bc 00  0080             916 		se_mflr		r0,lr
  000001be 00  d501             917 		se_stw		r0,20(r1)
  0000011b 02  4111 6c7f        918 		.d2_cfa_offset    108,-1
                                919 	#$$ee
  000000e5 03  0204 0a          920 		.d2prologue_end
  000000e8 03  0f               921 	        .d2line         108
                                922 	#$$fn 0xc8 0 0 0x0
                                923 	#$$tl 0x0 0x0 0x0
                                924 	#$$rs 0 s
  000001c0 00  79ff fec5        925 		bl		turn_off_all_leds
  000000e9 03  17               926 	        .d2line         109
  000001c4 00  4813             927 		se_li		r3,1
  000001c6 00  7080 03e8        928 		e_li		r4,1000
                                929 	#$$fn 0x1ff8 0 0 0x1
                                930 	#$$tl 0x18 0x0 0x0
                                931 	#$$rs 4 s
  000001ca 00  7800 0001        932 		bl		PIT_ConfigureTimer
  000000ea 03  23               933 	        .d2line         110
  000001ce 00  4813             934 		se_li		r3,1
                                935 	#$$fn 0x1ff8 0 0 0x1
                                936 	#$$tl 0x8 0x0 0x0
                                937 	#$$rs 4 s
  000001d0 00  7800 0001        938 		bl		PIT_StartTimer
  000000eb 03  1b               939 	        .d2line         111
                                940 	#$$be
  000000ec 03  0200 0b01        941 		.d2epilogue_begin
  000001d4 00  c501             942 		se_lwz		r0,20(r1)
  000001d6 00  0090             943 		se_mtlr		r0
  000001d8 00  20f1             944 		se_addi		r1,16
                                945 	#$$tl 0x0 0x0 0x0
  000001da 00  0004             946 		se_blr
                                947 	#$$ef
                                948 		.d2_cfa_end 2
                                949 		.section	.debug_info,,n
  00000256 05  00               950 		.sleb128	0
                                951 	.L5848:
                                952 		.section	.text_vle,,c
                                953 	.L5850:
                                954 		.type		init_task_4,@function
                                955 		.size		init_task_4,.-init_task_4
                                956 	# Number of nodes = 12
                                957 	
                                958 	# Allocations for init_task_4
                                959 	
                                960 	# Allocations for module
                                961 		.section	.text_vle,,c
                                962 		.type		.L5780,@object
                                963 		.size		.L5780,32
                                964 		.align		2
                                965 	#	static		__static_init1
                                966 	.L5780:
  000001dc 00  0000 000b        967 		.long		11
  000001e0 00  0000 003b        968 		.long		59
  000001e4 00  0000 003d        969 		.long		61
  000001e8 00  0000 003e        970 		.long		62
  000001ec 00  0000 000c        971 		.long		12
  000001f0 00  0000 000d        972 		.long		13
  000001f4 00  0000 002a        973 		.long		42
  000001f8 00  0000 0009        974 		.long		9
                                975 		.section	.debug_abbrev,,n
  0000005b 04  06               976 		.uleb128	6
  0000005c 04  34               977 		.uleb128	52
  0000005d 04  00               978 		.byte		0x0
  0000005e 04  3f               979 		.uleb128	63
  0000005f 04  0c               980 		.uleb128	12
  00000060 04  3a               981 		.uleb128	58
  00000061 04  06               982 		.uleb128	6
  00000062 04  3b               983 		.uleb128	59
  00000063 04  0f               984 		.uleb128	15
  00000064 04  03               985 		.uleb128	3
  00000065 04  08               986 		.uleb128	8
  00000066 04  49               987 		.uleb128	73
  00000067 04  10               988 		.uleb128	16
  00000068 04  02               989 		.uleb128	2
  00000069 04  09               990 		.uleb128	9
  0000006a 04  00               991 		.uleb128	0
  0000006b 04  00               992 		.uleb128	0
                                993 		.section	.debug_info,,n
                                994 	.L5852:
  00000257 05  06               995 		.sleb128	6
  00000258 05  01               996 		.byte		0x1
  00000259 05  0000 0001        997 		.4byte		.L5795
  0000025d 05  03               998 		.uleb128	3
  0000025e 05  4c45 4430 5f50   999 		.byte		"LED0_PCR"
  00000264 05  4352                 	
  00000266 05  00              1000 		.byte		0
  00000267 05  0000 0000       1001 		.4byte		.L5798
  0000026b 05  05              1002 		.sleb128	5
  0000026c 05  03              1003 		.byte		0x3
  0000026d 05  0000 0000       1004 		.4byte		LED0_PCR
                               1005 		.sdata
                               1006 		.align		2
                               1007 	#	Begin local data area
                               1008 	#	LDA + 0
                               1009 		.type		LED0_PCR,@object
                               1010 		.size		LED0_PCR,4
                               1011 		.align		2
                               1012 		.globl		LED0_PCR
                               1013 	LED0_PCR:
  00000000 07  0000 0009       1014 		.long		9
                               1015 		.section	.debug_info,,n
                               1016 	.L5853:
  00000271 05  06              1017 		.sleb128	6
  00000272 05  01              1018 		.byte		0x1
  00000273 05  0000 0001       1019 		.4byte		.L5795
  00000277 05  04              1020 		.uleb128	4
  00000278 05  4c45 4431 5f50  1021 		.byte		"LED1_PCR"
  0000027e 05  4352                 	
  00000280 05  00              1022 		.byte		0
  00000281 05  0000 0000       1023 		.4byte		.L5798
  00000285 05  05              1024 		.sleb128	5
  00000286 05  03              1025 		.byte		0x3
  00000287 05  0000 0000       1026 		.4byte		LED1_PCR
                               1027 		.sdata
                               1028 	#	LDA + 4
                               1029 		.type		LED1_PCR,@object
                               1030 		.size		LED1_PCR,4
                               1031 		.align		2
                               1032 		.globl		LED1_PCR
                               1033 	LED1_PCR:
  00000004 07  0000 002a       1034 		.long		42
                               1035 		.section	.debug_info,,n
                               1036 	.L5854:
  0000028b 05  06              1037 		.sleb128	6
  0000028c 05  01              1038 		.byte		0x1
  0000028d 05  0000 0001       1039 		.4byte		.L5795
  00000291 05  05              1040 		.uleb128	5
  00000292 05  4c45 4432 5f50  1041 		.byte		"LED2_PCR"
  00000298 05  4352                 	
  0000029a 05  00              1042 		.byte		0
  0000029b 05  0000 0000       1043 		.4byte		.L5798
  0000029f 05  05              1044 		.sleb128	5
  000002a0 05  03              1045 		.byte		0x3
  000002a1 05  0000 0000       1046 		.4byte		LED2_PCR
                               1047 		.sdata
                               1048 	#	LDA + 8
                               1049 		.type		LED2_PCR,@object
                               1050 		.size		LED2_PCR,4
                               1051 		.align		2
                               1052 		.globl		LED2_PCR
                               1053 	LED2_PCR:
  00000008 07  0000 000d       1054 		.long		13
                               1055 		.section	.debug_info,,n
                               1056 	.L5855:
  000002a5 05  06              1057 		.sleb128	6
  000002a6 05  01              1058 		.byte		0x1
  000002a7 05  0000 0001       1059 		.4byte		.L5795
  000002ab 05  06              1060 		.uleb128	6
  000002ac 05  4c45 4433 5f50  1061 		.byte		"LED3_PCR"
  000002b2 05  4352                 	
  000002b4 05  00              1062 		.byte		0
  000002b5 05  0000 0000       1063 		.4byte		.L5798
  000002b9 05  05              1064 		.sleb128	5
  000002ba 05  03              1065 		.byte		0x3
  000002bb 05  0000 0000       1066 		.4byte		LED3_PCR
                               1067 		.sdata
                               1068 	#	LDA + 12
                               1069 		.type		LED3_PCR,@object
                               1070 		.size		LED3_PCR,4
                               1071 		.align		2
                               1072 		.globl		LED3_PCR
                               1073 	LED3_PCR:
  0000000c 07  0000 000c       1074 		.long		12
                               1075 		.section	.debug_info,,n
                               1076 	.L5856:
  000002bf 05  06              1077 		.sleb128	6
  000002c0 05  01              1078 		.byte		0x1
  000002c1 05  0000 0001       1079 		.4byte		.L5795
  000002c5 05  07              1080 		.uleb128	7
  000002c6 05  4c45 4434 5f50  1081 		.byte		"LED4_PCR"
  000002cc 05  4352                 	
  000002ce 05  00              1082 		.byte		0
  000002cf 05  0000 0000       1083 		.4byte		.L5798
  000002d3 05  05              1084 		.sleb128	5
  000002d4 05  03              1085 		.byte		0x3
  000002d5 05  0000 0000       1086 		.4byte		LED4_PCR
                               1087 		.sdata
                               1088 	#	LDA + 16
                               1089 		.type		LED4_PCR,@object
                               1090 		.size		LED4_PCR,4
                               1091 		.align		2
                               1092 		.globl		LED4_PCR
                               1093 	LED4_PCR:
  00000010 07  0000 003e       1094 		.long		62
                               1095 		.section	.debug_info,,n
                               1096 	.L5857:
  000002d9 05  06              1097 		.sleb128	6
  000002da 05  01              1098 		.byte		0x1
  000002db 05  0000 0001       1099 		.4byte		.L5795
  000002df 05  08              1100 		.uleb128	8
  000002e0 05  4c45 4435 5f50  1101 		.byte		"LED5_PCR"
  000002e6 05  4352                 	
  000002e8 05  00              1102 		.byte		0
  000002e9 05  0000 0000       1103 		.4byte		.L5798
  000002ed 05  05              1104 		.sleb128	5
  000002ee 05  03              1105 		.byte		0x3
  000002ef 05  0000 0000       1106 		.4byte		LED5_PCR
                               1107 		.sdata
                               1108 	#	LDA + 20
                               1109 		.type		LED5_PCR,@object
                               1110 		.size		LED5_PCR,4
                               1111 		.align		2
                               1112 		.globl		LED5_PCR
                               1113 	LED5_PCR:
  00000014 07  0000 003d       1114 		.long		61
                               1115 		.section	.debug_info,,n
                               1116 	.L5858:
  000002f3 05  06              1117 		.sleb128	6
  000002f4 05  01              1118 		.byte		0x1
  000002f5 05  0000 0001       1119 		.4byte		.L5795
  000002f9 05  09              1120 		.uleb128	9
  000002fa 05  4c45 4436 5f50  1121 		.byte		"LED6_PCR"
  00000300 05  4352                 	
  00000302 05  00              1122 		.byte		0
  00000303 05  0000 0000       1123 		.4byte		.L5798
  00000307 05  05              1124 		.sleb128	5
  00000308 05  03              1125 		.byte		0x3
  00000309 05  0000 0000       1126 		.4byte		LED6_PCR
                               1127 		.sdata
                               1128 	#	LDA + 24
                               1129 		.type		LED6_PCR,@object
                               1130 		.size		LED6_PCR,4
                               1131 		.align		2
                               1132 		.globl		LED6_PCR
                               1133 	LED6_PCR:
  00000018 07  0000 003b       1134 		.long		59
                               1135 		.section	.debug_info,,n
                               1136 	.L5859:
  0000030d 05  06              1137 		.sleb128	6
  0000030e 05  01              1138 		.byte		0x1
  0000030f 05  0000 0001       1139 		.4byte		.L5795
  00000313 05  0a              1140 		.uleb128	10
  00000314 05  4c45 4437 5f50  1141 		.byte		"LED7_PCR"
  0000031a 05  4352                 	
  0000031c 05  00              1142 		.byte		0
  0000031d 05  0000 0000       1143 		.4byte		.L5798
  00000321 05  05              1144 		.sleb128	5
  00000322 05  03              1145 		.byte		0x3
  00000323 05  0000 0000       1146 		.4byte		LED7_PCR
                               1147 		.sdata
                               1148 	#	LDA + 28
                               1149 		.type		LED7_PCR,@object
                               1150 		.size		LED7_PCR,4
                               1151 		.align		2
                               1152 		.globl		LED7_PCR
                               1153 	LED7_PCR:
  0000001c 07  0000 000b       1154 		.long		11
                               1155 		.section	.debug_abbrev,,n
  0000006c 04  07              1156 		.uleb128	7
  0000006d 04  24              1157 		.uleb128	36
  0000006e 04  00              1158 		.byte		0x0
  0000006f 04  03              1159 		.uleb128	3
  00000070 04  08              1160 		.uleb128	8
  00000071 04  3e              1161 		.uleb128	62
  00000072 04  0b              1162 		.uleb128	11
  00000073 04  0b              1163 		.uleb128	11
  00000074 04  0b              1164 		.uleb128	11
  00000075 04  00              1165 		.uleb128	0
  00000076 04  00              1166 		.uleb128	0
                               1167 		.section	.debug_info,,n
                               1168 	.L5798:
  00000327 05  07              1169 		.sleb128	7
  00000328 05  696e 74         1170 		.byte		"int"
  0000032b 05  00              1171 		.byte		0
  0000032c 05  05              1172 		.byte		0x5
  0000032d 05  04              1173 		.byte		0x4
                               1174 		.section	.debug_abbrev,,n
  00000077 04  08              1175 		.uleb128	8
  00000078 04  01              1176 		.uleb128	1
  00000079 04  01              1177 		.byte		0x1
  0000007a 04  01              1178 		.uleb128	1
  0000007b 04  13              1179 		.uleb128	19
  0000007c 04  49              1180 		.uleb128	73
  0000007d 04  10              1181 		.uleb128	16
  0000007e 04  00              1182 		.uleb128	0
  0000007f 04  00              1183 		.uleb128	0
                               1184 		.section	.debug_info,,n
                               1185 	.L5806:
  0000032e 05  08              1186 		.sleb128	8
  0000032f 05  0000 033a       1187 		.4byte		.L5807-.L2
  00000333 05  0000 0000       1188 		.4byte		.L5798
                               1189 		.section	.debug_abbrev,,n
  00000080 04  09              1190 		.uleb128	9
  00000081 04  21              1191 		.uleb128	33
  00000082 04  00              1192 		.byte		0x0
  00000083 04  2f              1193 		.uleb128	47
  00000084 04  0f              1194 		.uleb128	15
  00000085 04  00              1195 		.uleb128	0
  00000086 04  00              1196 		.uleb128	0
                               1197 		.section	.debug_info,,n
  00000337 05  09              1198 		.sleb128	9
  00000338 05  07              1199 		.uleb128	7
  00000339 05  00              1200 		.sleb128	0
                               1201 	.L5807:
                               1202 	.L7:
  0000033a 05  00              1203 		.sleb128	0
                               1204 	.L3:
                               1205 		.section	.text_vle,,c
                               1206 	.L5:
                               1207 	.L5795:	.d2filenum "C:\\Users\\ASE-Lab\\Desktop\\unit1\\task1\\src\\siu.c"
  000000f0 03  0005 0200 0000  1208 		.d2_line_end
  000000f6 03  0000 0101            	
                               1209 		.section	.debug_abbrev,,n
  00000087 04  00              1210 		.sleb128	0
